<?xml version="1.0" encoding="UTF-8"?>
<!-- Generated by org.testng.reporters.JUnitReportReporter -->
<testsuite hostname="DESKTOP-0ULNUBO" failures="0" tests="1" name="functional.TestCase_003" time="7.077" errors="0" timestamp="2024-10-25T08:43:51 IST" skipped="0">
  <testcase classname="functional.TestCase_003" name="testCase3" time="7.077"/>
</testsuite> <!-- functional.TestCase_003 -->
