<?xml version="1.0" encoding="UTF-8"?>
<!-- Generated by org.testng.reporters.JUnitReportReporter -->
<testsuite hostname="DESKTOP-0ULNUBO" failures="0" tests="1" name="functional.TestCase_007" time="8.989" errors="0" timestamp="2024-10-24T20:20:24 IST" skipped="0">
  <testcase classname="functional.TestCase_007" name="testCase7" time="8.989">
    <system-out>
      <![CDATA[TestCase7]]>
    </system-out>
  </testcase> <!-- testCase7 -->
  <system-out>
    <![CDATA[TestCase7]]>
  </system-out>
</testsuite> <!-- functional.TestCase_007 -->
