<?xml version="1.0" encoding="UTF-8"?>
<!-- Generated by org.testng.reporters.JUnitReportReporter -->
<testsuite hostname="DESKTOP-0ULNUBO" failures="0" tests="1" name="functional.TestCase_002" time="7.191" errors="0" timestamp="2024-10-25T08:30:33 IST" skipped="0">
  <testcase classname="functional.TestCase_002" name="testCase2" time="7.191"/>
</testsuite> <!-- functional.TestCase_002 -->
