<?xml version="1.0" encoding="UTF-8"?>
<!-- Generated by org.testng.reporters.JUnitReportReporter -->
<testsuite hostname="DESKTOP-0ULNUBO" failures="0" tests="1" name="functional.TC_3" time="14.677" errors="0" timestamp="2024-10-25T19:47:24 IST" skipped="0">
  <testcase classname="functional.TC_3" name="test3" time="14.677"/>
</testsuite> <!-- functional.TC_3 -->
