<?xml version="1.0" encoding="UTF-8"?>
<!-- Generated by org.testng.reporters.JUnitReportReporter -->
<testsuite hostname="DESKTOP-0ULNUBO" failures="0" tests="1" name="functional.TestCase_001" time="7.052" errors="0" timestamp="2024-10-25T08:12:17 IST" skipped="0">
  <testcase classname="functional.TestCase_001" name="testCase1" time="7.052"/>
</testsuite> <!-- functional.TestCase_001 -->
