<?xml version="1.0" encoding="UTF-8"?>
<!-- Generated by org.testng.reporters.JUnitReportReporter -->
<testsuite hostname="DESKTOP-0ULNUBO" failures="0" tests="1" name="functional.TC_1" time="20.262" errors="0" timestamp="2024-10-25T12:54:06 IST" skipped="0">
  <testcase classname="functional.TC_1" name="test1" time="20.262"/>
</testsuite> <!-- functional.TC_1 -->
