<?xml version="1.0" encoding="UTF-8"?>
<!-- Generated by org.testng.reporters.JUnitReportReporter -->
<testsuite hostname="DESKTOP-0ULNUBO" failures="0" tests="1" name="pom.VtigerLogin" time="4.937" errors="0" timestamp="2024-10-18T19:29:58 IST" skipped="0">
  <testcase classname="pom.VtigerLogin" name="login" time="4.937"/>
</testsuite> <!-- pom.VtigerLogin -->
