<?xml version="1.0" encoding="UTF-8"?>
<!-- Generated by org.testng.reporters.JUnitReportReporter -->
<testsuite hostname="DESKTOP-0ULNUBO" failures="0" tests="1" name="functional.Test1" time="6.648" errors="0" timestamp="2024-10-24T16:44:55 IST" skipped="0">
  <testcase classname="functional.Test1" name="test1" time="6.648">
    <system-out>
      <![CDATA[TEST1]]>
    </system-out>
  </testcase> <!-- test1 -->
  <system-out>
    <![CDATA[TEST1]]>
  </system-out>
</testsuite> <!-- functional.Test1 -->
