<?xml version="1.0" encoding="UTF-8"?>
<!-- Generated by org.testng.reporters.JUnitReportReporter -->
<testsuite hostname="DESKTOP-0ULNUBO" failures="0" tests="1" name="functional.TC_2" time="20.162" errors="0" timestamp="2024-10-25T13:47:16 IST" skipped="0">
  <testcase classname="functional.TC_2" name="test2" time="20.162"/>
</testsuite> <!-- functional.TC_2 -->
